Determining if the pthread_create exist failed with the following output:
Change Dir: /home/tammo/Git/suturo-vision/02_code/catkin_ws/build/catkin_tools_prebuild/CMakeFiles/CMakeTmp

Run Build Command:/usr/bin/make "cmTryCompileExec4185643659/fast"
/usr/bin/make -f CMakeFiles/cmTryCompileExec4185643659.dir/build.make CMakeFiles/cmTryCompileExec4185643659.dir/build
make[1]: Entering directory `/home/tammo/Git/suturo-vision/02_code/catkin_ws/build/catkin_tools_prebuild/CMakeFiles/CMakeTmp'
/usr/bin/cmake -E cmake_progress_report /home/tammo/Git/suturo-vision/02_code/catkin_ws/build/catkin_tools_prebuild/CMakeFiles/CMakeTmp/CMakeFiles 1
Building C object CMakeFiles/cmTryCompileExec4185643659.dir/CheckSymbolExists.c.o
/usr/bin/cc    -o CMakeFiles/cmTryCompileExec4185643659.dir/CheckSymbolExists.c.o   -c /home/tammo/Git/suturo-vision/02_code/catkin_ws/build/catkin_tools_prebuild/CMakeFiles/CMakeTmp/CheckSymbolExists.c
Linking C executable cmTryCompileExec4185643659
/usr/bin/cmake -E cmake_link_script CMakeFiles/cmTryCompileExec4185643659.dir/link.txt --verbose=1
/usr/bin/cc       CMakeFiles/cmTryCompileExec4185643659.dir/CheckSymbolExists.c.o  -o cmTryCompileExec4185643659 -rdynamic 
CMakeFiles/cmTryCompileExec4185643659.dir/CheckSymbolExists.c.o: In function `main':
CheckSymbolExists.c:(.text+0x16): undefined reference to `pthread_create'
collect2: error: ld returned 1 exit status
make[1]: Leaving directory `/home/tammo/Git/suturo-vision/02_code/catkin_ws/build/catkin_tools_prebuild/CMakeFiles/CMakeTmp'
make[1]: *** [cmTryCompileExec4185643659] Error 1
make: *** [cmTryCompileExec4185643659/fast] Error 2

File /home/tammo/Git/suturo-vision/02_code/catkin_ws/build/catkin_tools_prebuild/CMakeFiles/CMakeTmp/CheckSymbolExists.c:
/* */
#include <pthread.h>

int main(int argc, char** argv)
{
  (void)argv;
#ifndef pthread_create
  return ((int*)(&pthread_create))[argc];
#else
  (void)argc;
  return 0;
#endif
}

Determining if the function pthread_create exists in the pthreads failed with the following output:
Change Dir: /home/tammo/Git/suturo-vision/02_code/catkin_ws/build/catkin_tools_prebuild/CMakeFiles/CMakeTmp

Run Build Command:/usr/bin/make "cmTryCompileExec3049773830/fast"
/usr/bin/make -f CMakeFiles/cmTryCompileExec3049773830.dir/build.make CMakeFiles/cmTryCompileExec3049773830.dir/build
make[1]: Entering directory `/home/tammo/Git/suturo-vision/02_code/catkin_ws/build/catkin_tools_prebuild/CMakeFiles/CMakeTmp'
/usr/bin/cmake -E cmake_progress_report /home/tammo/Git/suturo-vision/02_code/catkin_ws/build/catkin_tools_prebuild/CMakeFiles/CMakeTmp/CMakeFiles 1
Building C object CMakeFiles/cmTryCompileExec3049773830.dir/CheckFunctionExists.c.o
/usr/bin/cc   -DCHECK_FUNCTION_EXISTS=pthread_create   -o CMakeFiles/cmTryCompileExec3049773830.dir/CheckFunctionExists.c.o   -c /usr/share/cmake-2.8/Modules/CheckFunctionExists.c
Linking C executable cmTryCompileExec3049773830
/usr/bin/cmake -E cmake_link_script CMakeFiles/cmTryCompileExec3049773830.dir/link.txt --verbose=1
/usr/bin/cc   -DCHECK_FUNCTION_EXISTS=pthread_create    CMakeFiles/cmTryCompileExec3049773830.dir/CheckFunctionExists.c.o  -o cmTryCompileExec3049773830 -rdynamic -lpthreads 
/usr/bin/ld: cannot find -lpthreads
collect2: error: ld returned 1 exit status
make[1]: Leaving directory `/home/tammo/Git/suturo-vision/02_code/catkin_ws/build/catkin_tools_prebuild/CMakeFiles/CMakeTmp'
make[1]: *** [cmTryCompileExec3049773830] Error 1
make: *** [cmTryCompileExec3049773830/fast] Error 2


