Determining if the pthread_create exist failed with the following output:
Change Dir: /home/tammo/Git/suturo-vision/02_code/catkin_ws/build/iai_kitchen_defs/CMakeFiles/CMakeTmp

Run Build Command:/usr/bin/make "cmTryCompileExec3475424728/fast"
/usr/bin/make -f CMakeFiles/cmTryCompileExec3475424728.dir/build.make CMakeFiles/cmTryCompileExec3475424728.dir/build
make[1]: Entering directory `/home/tammo/Git/suturo-vision/02_code/catkin_ws/build/iai_kitchen_defs/CMakeFiles/CMakeTmp'
/usr/bin/cmake -E cmake_progress_report /home/tammo/Git/suturo-vision/02_code/catkin_ws/build/iai_kitchen_defs/CMakeFiles/CMakeTmp/CMakeFiles 1
Building C object CMakeFiles/cmTryCompileExec3475424728.dir/CheckSymbolExists.c.o
/usr/bin/cc    -o CMakeFiles/cmTryCompileExec3475424728.dir/CheckSymbolExists.c.o   -c /home/tammo/Git/suturo-vision/02_code/catkin_ws/build/iai_kitchen_defs/CMakeFiles/CMakeTmp/CheckSymbolExists.c
Linking C executable cmTryCompileExec3475424728
/usr/bin/cmake -E cmake_link_script CMakeFiles/cmTryCompileExec3475424728.dir/link.txt --verbose=1
/usr/bin/cc       CMakeFiles/cmTryCompileExec3475424728.dir/CheckSymbolExists.c.o  -o cmTryCompileExec3475424728 -rdynamic 
CMakeFiles/cmTryCompileExec3475424728.dir/CheckSymbolExists.c.o: In function `main':
CheckSymbolExists.c:(.text+0x16): undefined reference to `pthread_create'
collect2: error: ld returned 1 exit status
make[1]: Leaving directory `/home/tammo/Git/suturo-vision/02_code/catkin_ws/build/iai_kitchen_defs/CMakeFiles/CMakeTmp'
make[1]: *** [cmTryCompileExec3475424728] Error 1
make: *** [cmTryCompileExec3475424728/fast] Error 2

File /home/tammo/Git/suturo-vision/02_code/catkin_ws/build/iai_kitchen_defs/CMakeFiles/CMakeTmp/CheckSymbolExists.c:
/* */
#include <pthread.h>

int main(int argc, char** argv)
{
  (void)argv;
#ifndef pthread_create
  return ((int*)(&pthread_create))[argc];
#else
  (void)argc;
  return 0;
#endif
}

Determining if the function pthread_create exists in the pthreads failed with the following output:
Change Dir: /home/tammo/Git/suturo-vision/02_code/catkin_ws/build/iai_kitchen_defs/CMakeFiles/CMakeTmp

Run Build Command:/usr/bin/make "cmTryCompileExec2525891948/fast"
/usr/bin/make -f CMakeFiles/cmTryCompileExec2525891948.dir/build.make CMakeFiles/cmTryCompileExec2525891948.dir/build
make[1]: Entering directory `/home/tammo/Git/suturo-vision/02_code/catkin_ws/build/iai_kitchen_defs/CMakeFiles/CMakeTmp'
/usr/bin/cmake -E cmake_progress_report /home/tammo/Git/suturo-vision/02_code/catkin_ws/build/iai_kitchen_defs/CMakeFiles/CMakeTmp/CMakeFiles 1
Building C object CMakeFiles/cmTryCompileExec2525891948.dir/CheckFunctionExists.c.o
/usr/bin/cc   -DCHECK_FUNCTION_EXISTS=pthread_create   -o CMakeFiles/cmTryCompileExec2525891948.dir/CheckFunctionExists.c.o   -c /usr/share/cmake-2.8/Modules/CheckFunctionExists.c
Linking C executable cmTryCompileExec2525891948
/usr/bin/cmake -E cmake_link_script CMakeFiles/cmTryCompileExec2525891948.dir/link.txt --verbose=1
/usr/bin/cc   -DCHECK_FUNCTION_EXISTS=pthread_create    CMakeFiles/cmTryCompileExec2525891948.dir/CheckFunctionExists.c.o  -o cmTryCompileExec2525891948 -rdynamic -lpthreads 
/usr/bin/ld: cannot find -lpthreads
collect2: error: ld returned 1 exit status
make[1]: *** [cmTryCompileExec2525891948] Error 1
make[1]: Leaving directory `/home/tammo/Git/suturo-vision/02_code/catkin_ws/build/iai_kitchen_defs/CMakeFiles/CMakeTmp'
make: *** [cmTryCompileExec2525891948/fast] Error 2


